d:\onedrivenuce\onedrive - huce\project object oriented programming\brave soldier\brave soldier\debug\vc142.pdb
d:\onedrivenuce\onedrive - huce\project object oriented programming\brave soldier\brave soldier\debug\vc142.idb
d:\onedrivenuce\onedrive - huce\project object oriented programming\brave soldier\brave soldier\debug\main.obj
d:\onedrivenuce\onedrive - huce\project object oriented programming\brave soldier\brave soldier\debug\game_map.obj
d:\onedrivenuce\onedrive - huce\project object oriented programming\brave soldier\brave soldier\debug\threatsobject.obj
d:\onedrivenuce\onedrive - huce\project object oriented programming\brave soldier\brave soldier\debug\textobject.obj
d:\onedrivenuce\onedrive - huce\project object oriented programming\brave soldier\brave soldier\debug\resultobject.obj
d:\onedrivenuce\onedrive - huce\project object oriented programming\brave soldier\brave soldier\debug\playerpower.obj
d:\onedrivenuce\onedrive - huce\project object oriented programming\brave soldier\brave soldier\debug\mainobject.obj
d:\onedrivenuce\onedrive - huce\project object oriented programming\brave soldier\brave soldier\debug\imptimer.obj
d:\onedrivenuce\onedrive - huce\project object oriented programming\brave soldier\brave soldier\debug\geometric.obj
d:\onedrivenuce\onedrive - huce\project object oriented programming\brave soldier\brave soldier\debug\explosionobject.obj
d:\onedrivenuce\onedrive - huce\project object oriented programming\brave soldier\brave soldier\debug\commonfunc.obj
d:\onedrivenuce\onedrive - huce\project object oriented programming\brave soldier\brave soldier\debug\bulletobject.obj
d:\onedrivenuce\onedrive - huce\project object oriented programming\brave soldier\brave soldier\debug\bossobject.obj
d:\onedrivenuce\onedrive - huce\project object oriented programming\brave soldier\brave soldier\debug\baseobject.obj
d:\onedrivenuce\onedrive - huce\project object oriented programming\brave soldier\debug\brave soldier.exe
d:\onedrivenuce\onedrive - huce\project object oriented programming\brave soldier\brave soldier\debug\brave soldier.ilk
d:\onedrivenuce\onedrive - huce\project object oriented programming\brave soldier\debug\brave soldier.pdb
d:\onedrivenuce\onedrive - huce\project object oriented programming\brave soldier\brave soldier\debug\bravesoldier.res
d:\onedrivenuce\onedrive - huce\project object oriented programming\brave soldier\brave soldier\debug\brave soldier.tlog\cl.command.1.tlog
d:\onedrivenuce\onedrive - huce\project object oriented programming\brave soldier\brave soldier\debug\brave soldier.tlog\cl.read.1.tlog
d:\onedrivenuce\onedrive - huce\project object oriented programming\brave soldier\brave soldier\debug\brave soldier.tlog\cl.write.1.tlog
d:\onedrivenuce\onedrive - huce\project object oriented programming\brave soldier\brave soldier\debug\brave soldier.tlog\link.command.1.tlog
d:\onedrivenuce\onedrive - huce\project object oriented programming\brave soldier\brave soldier\debug\brave soldier.tlog\link.read.1.tlog
d:\onedrivenuce\onedrive - huce\project object oriented programming\brave soldier\brave soldier\debug\brave soldier.tlog\link.write.1.tlog
d:\onedrivenuce\onedrive - huce\project object oriented programming\brave soldier\brave soldier\debug\brave soldier.tlog\rc.command.1.tlog
d:\onedrivenuce\onedrive - huce\project object oriented programming\brave soldier\brave soldier\debug\brave soldier.tlog\rc.read.1.tlog
d:\onedrivenuce\onedrive - huce\project object oriented programming\brave soldier\brave soldier\debug\brave soldier.tlog\rc.write.1.tlog
